2023-09-26 20:20:57,078 INFO o.s.b.StartupInfoLogger [main] Starting BackendApplication using Java 17.0.6 with PID 27751 (/Users/jacobgorton/Desktop/Projects/Personal/Chess/backend/build/classes/java/main started by jacobgorton in /Users/jacobgorton/Desktop/Projects/Personal/Chess/backend)
2023-09-26 20:20:57,082 INFO o.s.b.SpringApplication [main] No active profile set, falling back to 1 default profile: "default"
2023-09-26 20:20:57,836 INFO o.s.d.r.c.RepositoryConfigurationDelegate [main] Bootstrapping Spring Data JPA repositories in DEFAULT mode.
2023-09-26 20:20:57,864 INFO o.s.d.r.c.RepositoryConfigurationDelegate [main] Finished Spring Data repository scanning in 17 ms. Found 0 JPA repository interfaces.
2023-09-26 20:20:58,449 INFO o.s.b.w.e.t.TomcatWebServer [main] Tomcat initialized with port(s): 8080 (http)
2023-09-26 20:20:58,459 INFO o.a.j.l.DirectJDKLog [main] Initializing ProtocolHandler ["http-nio-8080"]
2023-09-26 20:20:58,462 INFO o.a.j.l.DirectJDKLog [main] Starting service [Tomcat]
2023-09-26 20:20:58,462 INFO o.a.j.l.DirectJDKLog [main] Starting Servlet engine: [Apache Tomcat/10.1.11]
2023-09-26 20:20:58,555 INFO o.a.j.l.DirectJDKLog [main] Initializing Spring embedded WebApplicationContext
2023-09-26 20:20:58,556 INFO o.s.b.w.s.c.ServletWebServerApplicationContext [main] Root WebApplicationContext: initialization completed in 1402 ms
2023-09-26 20:20:58,745 INFO o.h.j.i.u.LogHelper [main] HHH000204: Processing PersistenceUnitInfo [name: default]
2023-09-26 20:20:58,820 INFO o.h.Version [main] HHH000412: Hibernate ORM core version 6.2.2.Final
2023-09-26 20:20:58,822 INFO o.h.c.Environment [main] HHH000406: Using bytecode reflection optimizer
2023-09-26 20:20:58,964 INFO o.h.b.i.BytecodeProviderInitiator [main] HHH000021: Bytecode provider name : bytebuddy
2023-09-26 20:20:59,112 INFO o.s.o.j.p.SpringPersistenceUnitInfo [main] No LoadTimeWeaver setup: ignoring JPA class transformer
2023-09-26 20:20:59,131 INFO c.z.h.HikariDataSource [main] HikariPool-1 - Starting...
2023-09-26 20:20:59,422 INFO c.z.h.p.HikariPool [main] HikariPool-1 - Added connection org.postgresql.jdbc.PgConnection@27ffd9f8
2023-09-26 20:20:59,424 INFO c.z.h.HikariDataSource [main] HikariPool-1 - Start completed.
2023-09-26 20:20:59,472 INFO o.h.e.j.d.i.DialectFactoryImpl [main] HHH035001: Using dialect: org.hibernate.dialect.PostgreSQLDialect, version: org.hibernate.engine.jdbc.env.internal.JdbcEnvironmentInitiator$DialectResolutionInfoImpl@615b5480
2023-09-26 20:20:59,650 INFO o.h.b.i.BytecodeProviderInitiator [main] HHH000021: Bytecode provider name : bytebuddy
2023-09-26 20:21:00,350 INFO o.h.e.t.j.p.i.JtaPlatformInitiator [main] HHH000490: Using JtaPlatform implementation: [org.hibernate.engine.transaction.jta.platform.internal.NoJtaPlatform]
2023-09-26 20:21:00,459 INFO o.s.o.j.AbstractEntityManagerFactoryBean [main] Initialized JPA EntityManagerFactory for persistence unit 'default'
2023-09-26 20:21:00,740 WARN o.s.b.a.o.j.JpaBaseConfiguration$JpaWebConfiguration [main] spring.jpa.open-in-view is enabled by default. Therefore, database queries may be performed during view rendering. Explicitly configure spring.jpa.open-in-view to disable this warning
2023-09-26 20:21:01,297 INFO o.a.j.l.DirectJDKLog [main] Starting ProtocolHandler ["http-nio-8080"]
2023-09-26 20:21:01,312 INFO o.s.b.w.e.t.TomcatWebServer [main] Tomcat started on port(s): 8080 (http) with context path ''
2023-09-26 20:21:01,313 INFO o.s.c.l.CompositeLog [main] Starting...
2023-09-26 20:21:01,315 INFO o.s.c.l.CompositeLog [main] BrokerAvailabilityEvent[available=true, SimpleBrokerMessageHandler [org.springframework.messaging.simp.broker.DefaultSubscriptionRegistry@37b1218]]
2023-09-26 20:21:01,315 INFO o.s.c.l.CompositeLog [main] Started.
2023-09-26 20:21:01,322 INFO o.s.b.StartupInfoLogger [main] Started BackendApplication in 4.83 seconds (process running for 5.204)
2023-09-26 20:21:36,079 INFO o.a.j.l.DirectJDKLog [http-nio-8080-exec-1] Initializing Spring DispatcherServlet 'dispatcherServlet'
2023-09-26 20:21:36,081 INFO o.s.w.s.FrameworkServlet [http-nio-8080-exec-1] Initializing Servlet 'dispatcherServlet'
2023-09-26 20:21:36,103 INFO o.s.w.s.FrameworkServlet [http-nio-8080-exec-1] Completed initialization in 21 ms
2023-09-26 20:21:51,302 INFO c.j.b.c.GameController [http-nio-8080-exec-5] HTTP request received | URL: '/games', Method: 'GET', Data: ''
2023-09-26 20:21:51,348 INFO c.j.b.c.GameController [http-nio-8080-exec-5] HTTP response sent | 
2023-09-26 20:22:00,739 INFO o.s.w.s.c.WebSocketMessageBrokerStats [MessageBroker-1] WebSocketSession[0 current WS(0)-HttpStream(0)-HttpPoll(0), 0 total, 0 closed abnormally (0 connect failure, 0 send limit, 0 transport error)], stompSubProtocol[processed CONNECT(0)-CONNECTED(0)-DISCONNECT(0)], stompBrokerRelay[null], inboundChannel[pool size = 0, active threads = 0, queued tasks = 0, completed tasks = 0], outboundChannel[pool size = 0, active threads = 0, queued tasks = 0, completed tasks = 0], sockJsScheduler[pool size = 1, active threads = 1, queued tasks = 0, completed tasks = 0]
2023-09-26 20:22:43,330 INFO o.s.c.l.CompositeLog [SpringApplicationShutdownHook] Stopping...
2023-09-26 20:22:43,331 INFO o.s.c.l.CompositeLog [SpringApplicationShutdownHook] BrokerAvailabilityEvent[available=false, SimpleBrokerMessageHandler [org.springframework.messaging.simp.broker.DefaultSubscriptionRegistry@37b1218]]
2023-09-26 20:22:43,331 INFO o.s.c.l.CompositeLog [SpringApplicationShutdownHook] Stopped.
2023-09-26 20:22:43,375 INFO o.s.o.j.AbstractEntityManagerFactoryBean [SpringApplicationShutdownHook] Closing JPA EntityManagerFactory for persistence unit 'default'
2023-09-26 20:22:43,383 INFO c.z.h.HikariDataSource [SpringApplicationShutdownHook] HikariPool-1 - Shutdown initiated...
2023-09-26 20:22:43,391 INFO c.z.h.HikariDataSource [SpringApplicationShutdownHook] HikariPool-1 - Shutdown completed.
